
2018-02-20/11:31:04.488 [DEBUG] Urgencia Media - tiempo de vida: 418

2018-02-20/11:31:04.489 [INFO ] Paciente en Cola:12

2018-02-20/11:31:04.514 [INFO ] 	Doctor 1	Atiende Paciente

2018-02-20/11:31:04.693 [INFO ] Ingreso Paciente Urgencia Baja

2018-02-20/11:31:04.694 [DEBUG] Urgencia Baja - tiempo de vida: 2147483647

2018-02-20/11:31:04.695 [INFO ] Paciente en Cola:12

2018-02-20/11:31:04.859 [INFO ] Ingreso Paciente Urgencia Media

2018-02-20/11:31:04.860 [DEBUG] Urgencia Media - tiempo de vida: 562

2018-02-20/11:31:04.860 [INFO ] Paciente en Cola:13

2018-02-20/11:31:04.895 [INFO ] 	Doctor 4	Atiende Paciente

2018-02-20/11:31:04.900 [INFO ] 	Doctor 0	Atiende Paciente

2018-02-20/11:31:04.901 [INFO ] Ingreso Paciente Urgencia Media

2018-02-20/11:31:04.901 [DEBUG] Urgencia Media - tiempo de vida: 209

2018-02-20/11:31:04.901 [INFO ] Paciente en Cola:12

2018-02-20/11:31:04.942 [INFO ] Ingreso Paciente Urgencia Media

2018-02-20/11:31:04.942 [DEBUG] Urgencia Media - tiempo de vida: 399

2018-02-20/11:31:04.942 [INFO ] Paciente en Cola:13

2018-02-20/11:31:05.025 [INFO ] Ingreso Paciente Urgencia ALta

2018-02-20/11:31:05.026 [DEBUG] Urgencia Alta - tiempo de vida: 33

2018-02-20/11:31:05.026 [INFO ] Paciente en Cola:14

2018-02-20/11:31:05.310 [INFO ] Ingreso Paciente Urgencia ALta

2018-02-20/11:31:05.311 [DEBUG] Urgencia Alta - tiempo de vida: 32

2018-02-20/11:31:05.311 [INFO ] Paciente en Cola:15

2018-02-20/11:31:05.424 [INFO ] 	Doctor 3	Atiende Paciente

2018-02-20/11:31:05.432 [INFO ] Ingreso Paciente Urgencia Media

2018-02-20/11:31:05.432 [DEBUG] Urgencia Media - tiempo de vida: 264

2018-02-20/11:31:05.433 [INFO ] Paciente en Cola:15

2018-02-20/11:31:05.554 [INFO ] Ingreso Paciente Urgencia ALta

2018-02-20/11:31:05.554 [DEBUG] Urgencia Alta - tiempo de vida: 32

2018-02-20/11:31:05.554 [INFO ] Paciente en Cola:16

2018-02-20/11:31:05.675 [INFO ] Ingreso Paciente Urgencia Baja

2018-02-20/11:31:05.676 [DEBUG] Urgencia Baja - tiempo de vida: 2147483647

2018-02-20/11:31:05.676 [INFO ] Paciente en Cola:17

2018-02-20/11:31:05.797 [INFO ] Ingreso Paciente Urgencia Baja

2018-02-20/11:31:05.798 [DEBUG] Urgencia Baja - tiempo de vida: 2147483647

2018-02-20/11:31:05.799 [INFO ] Paciente en Cola:18

2018-02-20/11:31:05.920 [INFO ] Ingreso Paciente Urgencia Media

2018-02-20/11:31:05.921 [DEBUG] Urgencia Media - tiempo de vida: 260

2018-02-20/11:31:05.921 [INFO ] Paciente en Cola:19

2018-02-20/11:31:05.958 [INFO ] 	Doctor 2	Atiende Paciente

2018-02-20/11:31:06.069 [INFO ] 	Doctor 1	Atiende Paciente

2018-02-20/11:31:06.353 [INFO ] 	Doctor 4	Atiende Paciente

2018-02-20/11:31:06.373 [INFO ] Ingreso Paciente Urgencia Baja

2018-02-20/11:31:06.374 [DEBUG] Urgencia Baja - tiempo de vida: 2147483647

2018-02-20/11:31:06.375 [INFO ] Paciente en Cola:17

2018-02-20/11:31:06.542 [INFO ] Ingreso Paciente Urgencia Media

2018-02-20/11:31:06.542 [DEBUG] Urgencia Media - tiempo de vida: 477

2018-02-20/11:31:06.542 [INFO ] Paciente en Cola:18

2018-02-20/11:31:06.624 [INFO ] Ingreso Paciente Urgencia Media

2018-02-20/11:31:06.624 [DEBUG] Urgencia Media - tiempo de vida: 398

2018-02-20/11:31:06.624 [INFO ] Paciente en Cola:19

2018-02-20/11:31:06.868 [INFO ] Ingreso Paciente Urgencia Baja

2018-02-20/11:31:06.868 [DEBUG] Urgencia Baja - tiempo de vida: 2147483647

2018-02-20/11:31:06.868 [INFO ] Paciente en Cola:20

2018-02-20/11:31:06.880 [INFO ] 	Doctor 3	Atiende Paciente

2018-02-20/11:31:06.949 [INFO ] Ingreso Paciente Urgencia Baja

2018-02-20/11:31:06.950 [DEBUG] Urgencia Baja - tiempo de vida: 2147483647

2018-02-20/11:31:06.950 [INFO ] Paciente en Cola:20

2018-02-20/11:31:07.029 [INFO ] 	Doctor 0	Atiende Paciente

2018-02-20/11:31:07.031 [INFO ] Ingreso Paciente Urgencia Baja

2018-02-20/11:31:07.031 [DEBUG] Urgencia Baja - tiempo de vida: 2147483647

2018-02-20/11:31:07.032 [INFO ] Paciente en Cola:20

2018-02-20/11:31:07.072 [INFO ] Ingreso Paciente Urgencia ALta

2018-02-20/11:31:07.073 [DEBUG] Urgencia Alta - tiempo de vida: 38

2018-02-20/11:31:07.073 [INFO ] Paciente en Cola:21

2018-02-20/11:31:07.237 [INFO ] Ingreso Paciente Urgencia Media

2018-02-20/11:31:07.238 [DEBUG] Urgencia Media - tiempo de vida: 354

2018-02-20/11:31:07.238 [INFO ] Paciente en Cola:22

2018-02-20/11:31:07.978 [INFO ] 	Doctor 2	Atiende Paciente

2018-02-20/11:31:08.102 [INFO ] Ingreso Paciente Urgencia ALta

2018-02-20/11:31:08.103 [DEBUG] Urgencia Alta - tiempo de vida: 38

2018-02-20/11:31:08.103 [INFO ] Paciente en Cola:22

2018-02-20/11:31:08.314 [INFO ] 	Doctor 4	Atiende Paciente

2018-02-20/11:31:08.401 [INFO ] 	Doctor 1	Atiende Paciente

2018-02-20/11:31:08.438 [INFO ] 	Doctor 0	Atiende Paciente

2018-02-20/11:31:08.644 [INFO ] Ingreso Paciente Urgencia Baja

2018-02-20/11:31:08.644 [DEBUG] Urgencia Baja - tiempo de vida: 2147483647

2018-02-20/11:31:08.645 [INFO ] Paciente en Cola:20

2018-02-20/11:31:08.686 [INFO ] Ingreso Paciente Urgencia ALta

2018-02-20/11:31:08.687 [DEBUG] Urgencia Alta - tiempo de vida: 42

2018-02-20/11:31:08.687 [INFO ] Paciente en Cola:21

2018-02-20/11:31:08.850 [INFO ] Ingreso Paciente Urgencia Baja

2018-02-20/11:31:08.850 [DEBUG] Urgencia Baja - tiempo de vida: 2147483647

2018-02-20/11:31:08.851 [INFO ] Paciente en Cola:22

2018-02-20/11:31:08.928 [INFO ] 	Doctor 2	Atiende Paciente

2018-02-20/11:31:08.970 [INFO ] 	Doctor 3	Atiende Paciente

2018-02-20/11:31:09.176 [INFO ] Ingreso Paciente Urgencia Baja

2018-02-20/11:31:09.176 [DEBUG] Urgencia Baja - tiempo de vida: 2147483647

2018-02-20/11:31:09.176 [INFO ] Paciente en Cola:21

2018-02-20/11:31:09.458 [INFO ] 	Doctor 0	Atiende Paciente

2018-02-20/11:31:10.048 [INFO ] Ingreso Paciente Urgencia Baja

2018-02-20/11:31:10.049 [DEBUG] Urgencia Baja - tiempo de vida: 2147483647

2018-02-20/11:31:10.049 [INFO ] Paciente en Cola:21

2018-02-20/11:31:10.090 [INFO ] Ingreso Paciente Urgencia Media

2018-02-20/11:31:10.090 [DEBUG] Urgencia Media - tiempo de vida: 478

2018-02-20/11:31:10.090 [INFO ] Paciente en Cola:22

2018-02-20/11:31:10.107 [INFO ] 	Doctor 1	Atiende Paciente

2018-02-20/11:31:10.363 [INFO ] 	Doctor 3	Atiende Paciente

2018-02-20/11:31:10.375 [INFO ] Ingreso Paciente Urgencia Baja

2018-02-20/11:31:10.375 [DEBUG] Urgencia Baja - tiempo de vida: 2147483647

2018-02-20/11:31:10.375 [INFO ] Paciente en Cola:21

2018-02-20/11:31:10.578 [INFO ] Ingreso Paciente Urgencia Baja

2018-02-20/11:31:10.579 [DEBUG] Urgencia Baja - tiempo de vida: 2147483647

2018-02-20/11:31:10.579 [INFO ] Paciente en Cola:22

2018-02-20/11:31:10.660 [INFO ] Ingreso Paciente Urgencia Baja

2018-02-20/11:31:10.660 [DEBUG] Urgencia Baja - tiempo de vida: 2147483647

2018-02-20/11:31:10.660 [INFO ] Paciente en Cola:23

2018-02-20/11:31:10.685 [INFO ] 	Doctor 2	Atiende Paciente

2018-02-20/11:31:10.725 [INFO ] 	Doctor 4	Atiende Paciente

2018-02-20/11:31:10.863 [INFO ] Ingreso Paciente Urgencia Media

2018-02-20/11:31:10.864 [DEBUG] Urgencia Media - tiempo de vida: 180

2018-02-20/11:31:10.864 [INFO ] Paciente en Cola:22

2018-02-20/11:31:11.074 [INFO ] Pacientes en cola: 22

2018-02-20/11:31:11.186 [INFO ] Pacientes en cola: 22

2018-02-20/11:31:11.306 [INFO ] Pacientes en cola: 22

2018-02-20/11:31:11.314 [INFO ] Ingreso Paciente Urgencia ALta

2018-02-20/11:31:11.314 [DEBUG] Urgencia Alta - tiempo de vida: 31

2018-02-20/11:31:11.314 [INFO ] Paciente en Cola:23

2018-02-20/11:31:11.419 [INFO ] Pacientes en cola: 23

2018-02-20/11:31:11.429 [INFO ] 	Doctor 1	Atiende Paciente

2018-02-20/11:31:11.535 [INFO ] Pacientes en cola: 22

2018-02-20/11:31:11.590 [INFO ] 	Doctor 3	Atiende Paciente

2018-02-20/11:31:11.605 [INFO ] Ingreso Paciente Urgencia Baja

2018-02-20/11:31:11.606 [DEBUG] Urgencia Baja - tiempo de vida: 2147483647

2018-02-20/11:31:11.606 [INFO ] Paciente en Cola:22

2018-02-20/11:31:11.654 [INFO ] Pacientes en cola: 22

2018-02-20/11:31:11.727 [INFO ] Ingreso Paciente Urgencia ALta

2018-02-20/11:31:11.727 [DEBUG] Urgencia Alta - tiempo de vida: 32

2018-02-20/11:31:11.727 [INFO ] Paciente en Cola:23

2018-02-20/11:31:11.768 [INFO ] Pacientes en cola: 23

2018-02-20/11:31:11.872 [INFO ] 	Doctor 0	Atiende Paciente

2018-02-20/11:31:11.888 [INFO ] Pacientes en cola: 22

2018-02-20/11:31:11.894 [INFO ] Ingreso Paciente Urgencia ALta

2018-02-20/11:31:11.894 [DEBUG] Urgencia Alta - tiempo de vida: 35

2018-02-20/11:31:11.895 [INFO ] Paciente en Cola:23

2018-02-20/11:31:11.935 [INFO ] Ingreso Paciente Urgencia Baja

2018-02-20/11:31:11.935 [DEBUG] Urgencia Baja - tiempo de vida: 2147483647

2018-02-20/11:31:11.936 [INFO ] Paciente en Cola:24

2018-02-20/11:31:12.012 [INFO ] Pacientes en cola: 23

2018-02-20/11:31:12.133 [INFO ] Pacientes en cola: 23

2018-02-20/11:31:12.163 [INFO ] Doctor 3 espera Pacientes

2018-02-20/11:31:12.181 [INFO ] Doctor 2 espera Pacientes

2018-02-20/11:31:12.182 [INFO ] Doctor 1 espera Pacientes

2018-02-20/11:31:12.182 [INFO ] Doctor 0 espera Pacientes

2018-02-20/11:31:12.182 [INFO ] Doctor 4 espera Pacientes

2018-02-20/11:31:12.184 [INFO ] Termino aplicacion

2018-02-20/11:31:12.184 [INFO ] Periodo 07:00 - 07:40

2018-02-20/11:31:12.184 [INFO ] Periodo 07:40 - 10:22

2018-02-20/11:31:12.185 [INFO ] Periodo 10:23 - 14:42

2018-02-20/11:31:12.185 [INFO ] Periodo 14:43 - 18:00

2018-02-20/11:31:12.185 [INFO ] Numero total de pacientes: 32

2018-02-20/11:31:12.185 [INFO ] Numero pacientes Urgencia Alta: 28

2018-02-20/11:31:12.185 [INFO ] Numero pacientes Urgencia Media: 11

2018-02-20/11:31:12.186 [INFO ] Numero pacientes Urgencia Baja: 17

2018-02-20/11:31:12.186 [INFO ] Espera Promedio: 55.03125

2018-02-20/11:31:12.187 [INFO ] Cantidad total de pacientes: 32

2018-02-20/11:31:12.187 [INFO ] -------------------

2018-02-20/11:31:12.187 [INFO ] Fin de Simulacion

2018-02-20/11:31:12.253 [INFO ] Pacientes en cola: 0

2018-02-20/11:31:13.145 [TRACE] Explota Doctorjava.lang.InterruptedException

2018-02-20/11:31:13.146 [INFO ] Doctor 1 termino atención.

2018-02-20/11:31:13.145 [TRACE] Explota Doctorjava.lang.InterruptedException

2018-02-20/11:31:13.147 [TRACE] Explota Doctorjava.lang.InterruptedException

2018-02-20/11:31:13.148 [INFO ] Doctor 4 termino atención.

2018-02-20/11:31:13.147 [TRACE] Explota Doctorjava.lang.InterruptedException

2018-02-20/11:31:13.148 [INFO ] Doctor 0 termino atención.

2018-02-20/11:31:13.148 [TRACE] Explota Doctorjava.lang.InterruptedException

2018-02-20/11:31:13.151 [INFO ] Doctor 2 termino atención.

2018-02-20/11:31:13.147 [INFO ] Doctor 3 termino atención.

2018-02-20/11:31:13.160 [INFO ] DoInBackGround Terminado

2018-02-20/17:24:43.787 [INFO ] Inicio Pintor

2018-02-20/17:24:43.788 [INFO ] Fin Pintor

2018-02-20/17:24:43.820 [INFO ] Carga Archivo de Urgencias Cantidad de periodos: 4

2018-02-20/17:24:43.821 [INFO ] Comienza Simulación

2018-02-20/17:24:43.822 [INFO ] T inicio: 360

2018-02-20/17:24:43.823 [INFO ] T fin   : 1080

2018-02-20/17:24:43.824 [INFO ] Ejecuta los Doctores: 5

2018-02-20/17:24:43.829 [INFO ] Doctor 1 espera Pacientes

2018-02-20/17:24:43.829 [INFO ] Doctor 0 espera Pacientes

2018-02-20/17:24:43.836 [INFO ] Doctor 3 espera Pacientes

2018-02-20/17:24:43.836 [INFO ] Doctor 2 espera Pacientes

2018-02-20/17:24:43.839 [INFO ] Doctor 4 espera Pacientes

2018-02-20/17:24:43.906 [INFO ] Pacientes en cola: 0

2018-02-20/17:24:43.956 [INFO ] Ingreso Paciente Urgencia ALta

2018-02-20/17:24:43.960 [DEBUG] Urgencia Alta - tiempo de vida: 30

2018-02-20/17:24:43.963 [INFO ] Paciente en Cola:1

2018-02-20/17:24:43.963 [INFO ] Doctor 2 espera Pacientes

2018-02-20/17:24:43.963 [INFO ] 	Doctor 4	Atiende Paciente

2018-02-20/17:24:43.964 [INFO ] Doctor 3 espera Pacientes

2018-02-20/17:24:43.974 [INFO ] Doctor 0 espera Pacientes

2018-02-20/17:24:43.974 [INFO ] Doctor 1 espera Pacientes

2018-02-20/17:24:44.079 [INFO ] Pacientes en cola: 0

2018-02-20/17:24:44.206 [INFO ] Ingreso Paciente Urgencia ALta

2018-02-20/17:24:44.208 [DEBUG] Urgencia Alta - tiempo de vida: 43

2018-02-20/17:24:44.209 [INFO ] Doctor 0 espera Pacientes

2018-02-20/17:24:44.209 [INFO ] Doctor 3 espera Pacientes

2018-02-20/17:24:44.209 [INFO ] Paciente en Cola:0

2018-02-20/17:24:44.213 [INFO ] Pacientes en cola: 0

2018-02-20/17:24:44.208 [INFO ] 	Doctor 1	Atiende Paciente

2018-02-20/17:24:44.209 [INFO ] Doctor 2 espera Pacientes

2018-02-20/17:24:44.337 [INFO ] Pacientes en cola: 0

2018-02-20/17:24:44.415 [INFO ] Ingreso Paciente Urgencia ALta

2018-02-20/17:24:44.415 [DEBUG] Urgencia Alta - tiempo de vida: 39

2018-02-20/17:24:44.416 [INFO ] Paciente en Cola:1

2018-02-20/17:24:44.416 [INFO ] 	Doctor 2	Atiende Paciente

2018-02-20/17:24:44.417 [INFO ] Doctor 3 espera Pacientes

2018-02-20/17:24:44.417 [INFO ] Doctor 0 espera Pacientes

2018-02-20/17:24:44.462 [INFO ] Pacientes en cola: 0

2018-02-20/17:24:44.582 [INFO ] Pacientes en cola: 0

2018-02-20/17:24:44.619 [INFO ] Ingreso Paciente Urgencia Baja

2018-02-20/17:24:44.620 [DEBUG] Urgencia Baja - tiempo de vida: 2147483647

2018-02-20/17:24:44.621 [INFO ] Paciente en Cola:1

2018-02-20/17:24:44.621 [INFO ] 	Doctor 0	Atiende Paciente

2018-02-20/17:24:44.622 [INFO ] Doctor 3 espera Pacientes

2018-02-20/17:24:44.737 [INFO ] Pacientes en cola: 0

2018-02-20/17:24:44.824 [INFO ] Ingreso Paciente Urgencia ALta

2018-02-20/17:24:44.824 [DEBUG] Urgencia Alta - tiempo de vida: 35

2018-02-20/17:24:44.825 [INFO ] Paciente en Cola:1

2018-02-20/17:24:44.825 [INFO ] 	Doctor 3	Atiende Paciente

2018-02-20/17:24:44.861 [INFO ] Pacientes en cola: 0

2018-02-20/17:24:44.906 [INFO ] Ingreso Paciente Urgencia ALta

2018-02-20/17:24:44.907 [DEBUG] Urgencia Alta - tiempo de vida: 30

2018-02-20/17:24:44.907 [INFO ] Paciente en Cola:1

2018-02-20/17:24:45.014 [INFO ] Pacientes en cola: 1

2018-02-20/17:24:45.069 [INFO ] Ingreso Paciente Urgencia ALta

2018-02-20/17:24:45.069 [DEBUG] Urgencia Alta - tiempo de vida: 42

2018-02-20/17:24:45.070 [INFO ] Paciente en Cola:2

2018-02-20/17:24:45.110 [INFO ] Ingreso Paciente Urgencia ALta

2018-02-20/17:24:45.111 [DEBUG] Urgencia Alta - tiempo de vida: 33

2018-02-20/17:24:45.112 [INFO ] Paciente en Cola:3

2018-02-20/17:24:45.132 [INFO ] Pacientes en cola: 3

2018-02-20/17:24:45.260 [INFO ] Pacientes en cola: 3

2018-02-20/17:24:45.383 [INFO ] Pacientes en cola: 3

2018-02-20/17:24:45.389 [INFO ] 	Doctor 4	Atiende Paciente

2018-02-20/17:24:45.513 [INFO ] Pacientes en cola: 2

2018-02-20/17:24:45.560 [INFO ] Ingreso Paciente Urgencia Baja

2018-02-20/17:24:45.561 [DEBUG] Urgencia Baja - tiempo de vida: 2147483647

2018-02-20/17:24:45.561 [INFO ] Paciente en Cola:3

2018-02-20/17:24:45.633 [INFO ] Pacientes en cola: 3

2018-02-20/17:24:45.643 [INFO ] Ingreso Paciente Urgencia ALta

2018-02-20/17:24:45.643 [DEBUG] Urgencia Alta - tiempo de vida: 31

2018-02-20/17:24:45.643 [INFO ] Paciente en Cola:4

2018-02-20/17:24:45.759 [INFO ] 	Doctor 2	Atiende Paciente

2018-02-20/17:24:45.761 [INFO ] Pacientes en cola: 3

2018-02-20/17:24:45.912 [INFO ] Pacientes en cola: 3

2018-02-20/17:24:45.965 [INFO ] 	Doctor 0	Atiende Paciente

2018-02-20/17:24:46.031 [INFO ] Pacientes en cola: 2

2018-02-20/17:24:46.046 [INFO ] 	Doctor 1	Atiende Paciente

2018-02-20/17:24:46.146 [INFO ] Pacientes en cola: 1

2018-02-20/17:24:46.262 [INFO ] Pacientes en cola: 1

2018-02-20/17:24:46.385 [INFO ] Pacientes en cola: 1

2018-02-20/17:24:46.457 [INFO ] 	Doctor 4	Atiende Paciente

2018-02-20/17:24:46.457 [INFO ] Doctor 3 espera Pacientes

2018-02-20/17:24:46.457 [INFO ] Ingreso Paciente Urgencia Media

2018-02-20/17:24:46.458 [DEBUG] Urgencia Media - tiempo de vida: 336

2018-02-20/17:24:46.458 [INFO ] Paciente en Cola:1

2018-02-20/17:24:46.459 [INFO ] 	Doctor 3	Atiende Paciente

2018-02-20/17:24:46.500 [INFO ] Pacientes en cola: 0

2018-02-20/17:24:46.615 [INFO ] Pacientes en cola: 0

2018-02-20/17:24:46.746 [INFO ] Pacientes en cola: 0

2018-02-20/17:24:46.865 [INFO ] Ingreso Paciente Urgencia Media

2018-02-20/17:24:46.866 [DEBUG] Urgencia Media - tiempo de vida: 522

2018-02-20/17:24:46.866 [INFO ] Pacientes en cola: 0

2018-02-20/17:24:46.866 [INFO ] Paciente en Cola:1

2018-02-20/17:24:46.984 [INFO ] Pacientes en cola: 1

2018-02-20/17:24:46.987 [INFO ] 	Doctor 2	Atiende Paciente

2018-02-20/17:24:47.103 [INFO ] Pacientes en cola: 0

2018-02-20/17:24:47.193 [INFO ] Ingreso Paciente Urgencia Baja

2018-02-20/17:24:47.193 [DEBUG] Urgencia Baja - tiempo de vida: 2147483647

2018-02-20/17:24:47.193 [INFO ] Paciente en Cola:1

2018-02-20/17:24:47.214 [INFO ] Pacientes en cola: 1

2018-02-20/17:24:47.235 [INFO ] Ingreso Paciente Urgencia Media

2018-02-20/17:24:47.236 [DEBUG] Urgencia Media - tiempo de vida: 498

2018-02-20/17:24:47.236 [INFO ] Paciente en Cola:2

2018-02-20/17:24:47.323 [INFO ] Pacientes en cola: 2

2018-02-20/17:24:47.437 [INFO ] Pacientes en cola: 2

2018-02-20/17:24:47.439 [INFO ] Ingreso Paciente Urgencia Media

2018-02-20/17:24:47.440 [DEBUG] Urgencia Media - tiempo de vida: 274

2018-02-20/17:24:47.440 [INFO ] Paciente en Cola:3

2018-02-20/17:24:47.587 [INFO ] Pacientes en cola: 3

2018-02-20/17:24:47.699 [INFO ] Pacientes en cola: 3

2018-02-20/17:24:47.818 [INFO ] 	Doctor 0	Atiende Paciente

2018-02-20/17:24:47.819 [INFO ] Pacientes en cola: 2

2018-02-20/17:24:47.819 [INFO ] 	Doctor 3	Atiende Paciente

2018-02-20/17:24:47.939 [INFO ] Pacientes en cola: 1

2018-02-20/17:24:48.072 [INFO ] 	Doctor 2	Atiende Paciente

2018-02-20/17:24:48.075 [INFO ] Pacientes en cola: 0

2018-02-20/17:24:48.199 [INFO ] Pacientes en cola: 0

2018-02-20/17:24:48.329 [INFO ] Pacientes en cola: 0

2018-02-20/17:24:48.408 [INFO ] Ingreso Paciente Urgencia Baja

2018-02-20/17:24:48.409 [DEBUG] Urgencia Baja - tiempo de vida: 2147483647

2018-02-20/17:24:48.409 [INFO ] Paciente en Cola:1

2018-02-20/17:24:48.456 [INFO ] 	Doctor 1	Atiende Paciente

2018-02-20/17:24:48.458 [INFO ] Pacientes en cola: 0

2018-02-20/17:24:48.538 [INFO ] Doctor 4 espera Pacientes

2018-02-20/17:24:48.610 [INFO ] Pacientes en cola: 0

2018-02-20/17:24:48.659 [INFO ] Ingreso Paciente Urgencia ALta

2018-02-20/17:24:48.660 [DEBUG] Urgencia Alta - tiempo de vida: 32

2018-02-20/17:24:48.660 [INFO ] Paciente en Cola:1

2018-02-20/17:24:48.660 [INFO ] 	Doctor 4	Atiende Paciente

2018-02-20/17:24:48.742 [INFO ] Pacientes en cola: 0

2018-02-20/17:24:48.856 [INFO ] Pacientes en cola: 0

2018-02-20/17:24:48.949 [INFO ] Doctor 0 espera Pacientes

2018-02-20/17:24:48.974 [INFO ] Pacientes en cola: 0

2018-02-20/17:24:48.989 [INFO ] Ingreso Paciente Urgencia Media

2018-02-20/17:24:48.989 [DEBUG] Urgencia Media - tiempo de vida: 550

2018-02-20/17:24:48.989 [INFO ] Paciente en Cola:1

2018-02-20/17:24:48.990 [INFO ] 	Doctor 0	Atiende Paciente

2018-02-20/17:24:49.098 [INFO ] Pacientes en cola: 0

2018-02-20/17:24:49.225 [INFO ] Pacientes en cola: 0

2018-02-20/17:24:49.276 [INFO ] Ingreso Paciente Urgencia Media

2018-02-20/17:24:49.276 [DEBUG] Urgencia Media - tiempo de vida: 192

2018-02-20/17:24:49.277 [INFO ] Paciente en Cola:1

2018-02-20/17:24:49.277 [INFO ] 	Doctor 2	Atiende Paciente

2018-02-20/17:24:49.340 [INFO ] Pacientes en cola: 0

2018-02-20/17:24:49.449 [INFO ] Ingreso Paciente Urgencia Baja

2018-02-20/17:24:49.449 [DEBUG] Urgencia Baja - tiempo de vida: 2147483647

2018-02-20/17:24:49.449 [INFO ] Paciente en Cola:1

2018-02-20/17:24:49.459 [INFO ] Pacientes en cola: 1

2018-02-20/17:24:49.567 [INFO ] Pacientes en cola: 1

2018-02-20/17:24:49.662 [INFO ] Ingreso Paciente Urgencia ALta

2018-02-20/17:24:49.663 [DEBUG] Urgencia Alta - tiempo de vida: 42

2018-02-20/17:24:49.663 [INFO ] Paciente en Cola:2

2018-02-20/17:24:49.678 [INFO ] Pacientes en cola: 2

2018-02-20/17:24:49.704 [INFO ] 	Doctor 1	Atiende Paciente

2018-02-20/17:24:49.704 [INFO ] Ingreso Paciente Urgencia ALta

2018-02-20/17:24:49.706 [DEBUG] Urgencia Alta - tiempo de vida: 35

2018-02-20/17:24:49.706 [INFO ] Paciente en Cola:2

2018-02-20/17:24:49.788 [INFO ] Pacientes en cola: 2

2018-02-20/17:24:49.791 [INFO ] Ingreso Paciente Urgencia ALta

2018-02-20/17:24:49.792 [DEBUG] Urgencia Alta - tiempo de vida: 41

2018-02-20/17:24:49.792 [INFO ] Paciente en Cola:3

2018-02-20/17:24:49.833 [INFO ] Ingreso Paciente Urgencia Baja

2018-02-20/17:24:49.834 [DEBUG] Urgencia Baja - tiempo de vida: 2147483647

2018-02-20/17:24:49.834 [INFO ] Paciente en Cola:4

2018-02-20/17:24:49.909 [INFO ] Pacientes en cola: 4

2018-02-20/17:24:49.917 [INFO ] Ingreso Paciente Urgencia ALta

2018-02-20/17:24:49.917 [DEBUG] Urgencia Alta - tiempo de vida: 35

2018-02-20/17:24:49.918 [INFO ] Paciente en Cola:5

2018-02-20/17:24:49.958 [INFO ] Ingreso Paciente Urgencia Baja

2018-02-20/17:24:49.959 [DEBUG] Urgencia Baja - tiempo de vida: 2147483647

2018-02-20/17:24:49.959 [INFO ] Paciente en Cola:6

2018-02-20/17:24:50.017 [INFO ] Pacientes en cola: 6

2018-02-20/17:24:50.125 [INFO ] Pacientes en cola: 6

2018-02-20/17:24:50.126 [INFO ] Ingreso Paciente Urgencia ALta

2018-02-20/17:24:50.127 [DEBUG] Urgencia Alta - tiempo de vida: 31

2018-02-20/17:24:50.127 [INFO ] Paciente en Cola:7

2018-02-20/17:24:50.150 [INFO ] 	Doctor 3	Atiende Paciente

2018-02-20/17:24:50.235 [INFO ] Pacientes en cola: 6

2018-02-20/17:24:50.343 [INFO ] Pacientes en cola: 6

2018-02-20/17:24:50.353 [INFO ] 	Doctor 4	Atiende Paciente

2018-02-20/17:24:50.374 [INFO ] Ingreso Paciente Urgencia Baja

2018-02-20/17:24:50.375 [DEBUG] Urgencia Baja - tiempo de vida: 2147483647

2018-02-20/17:24:50.375 [INFO ] Paciente en Cola:6

2018-02-20/17:24:50.464 [INFO ] Pacientes en cola: 6

2018-02-20/17:24:50.578 [INFO ] Pacientes en cola: 6

2018-02-20/17:24:50.578 [INFO ] Ingreso Paciente Urgencia ALta

2018-02-20/17:24:50.580 [DEBUG] Urgencia Alta - tiempo de vida: 39

2018-02-20/17:24:50.580 [INFO ] Paciente en Cola:7

2018-02-20/17:24:50.676 [INFO ] 	Doctor 0	Atiende Paciente

2018-02-20/17:24:50.693 [INFO ] Pacientes en cola: 6

2018-02-20/17:24:50.810 [INFO ] Pacientes en cola: 6

2018-02-20/17:24:50.939 [INFO ] Pacientes en cola: 6

2018-02-20/17:24:50.946 [INFO ] Ingreso Paciente Urgencia Baja

2018-02-20/17:24:50.947 [DEBUG] Urgencia Baja - tiempo de vida: 2147483647

2018-02-20/17:24:50.947 [INFO ] Paciente en Cola:7

2018-02-20/17:24:50.970 [INFO ] 	Doctor 1	Atiende Paciente

2018-02-20/17:24:51.063 [INFO ] Pacientes en cola: 6

2018-02-20/17:24:51.180 [INFO ] Pacientes en cola: 6

2018-02-20/17:24:51.289 [INFO ] Pacientes en cola: 6

2018-02-20/17:24:51.329 [INFO ] Ingreso Paciente Urgencia ALta

2018-02-20/17:24:51.330 [DEBUG] Urgencia Alta - tiempo de vida: 44

2018-02-20/17:24:51.330 [INFO ] Paciente en Cola:7

2018-02-20/17:24:51.396 [INFO ] Pacientes en cola: 7

2018-02-20/17:24:51.504 [INFO ] Pacientes en cola: 7

2018-02-20/17:24:51.539 [INFO ] Ingreso Paciente Urgencia ALta

2018-02-20/17:24:51.540 [DEBUG] Urgencia Alta - tiempo de vida: 36

2018-02-20/17:24:51.540 [INFO ] Paciente en Cola:8

2018-02-20/17:24:51.584 [INFO ] Ingreso Paciente Urgencia ALta

2018-02-20/17:24:51.584 [DEBUG] Urgencia Alta - tiempo de vida: 39

2018-02-20/17:24:51.584 [INFO ] Paciente en Cola:9

2018-02-20/17:24:51.611 [INFO ] Pacientes en cola: 9

2018-02-20/17:24:51.708 [INFO ] 	Doctor 0	Atiende Paciente

2018-02-20/17:24:51.719 [INFO ] 	Doctor 2	Atiende Paciente

2018-02-20/17:24:51.727 [INFO ] Pacientes en cola: 7

2018-02-20/17:24:51.790 [INFO ] Ingreso Paciente Urgencia ALta

2018-02-20/17:24:51.791 [DEBUG] Urgencia Alta - tiempo de vida: 36

2018-02-20/17:24:51.791 [INFO ] Paciente en Cola:8

2018-02-20/17:24:51.838 [INFO ] Pacientes en cola: 8

2018-02-20/17:24:51.871 [INFO ] 	Doctor 3	Atiende Paciente

2018-02-20/17:24:51.954 [INFO ] Pacientes en cola: 7

2018-02-20/17:24:51.994 [INFO ] Ingreso Paciente Urgencia Baja

2018-02-20/17:24:51.995 [DEBUG] Urgencia Baja - tiempo de vida: 2147483647

2018-02-20/17:24:51.995 [INFO ] Paciente en Cola:8

2018-02-20/17:24:52.077 [INFO ] Pacientes en cola: 8

2018-02-20/17:24:52.195 [INFO ] Pacientes en cola: 8

2018-02-20/17:24:52.240 [INFO ] Ingreso Paciente Urgencia Baja

2018-02-20/17:24:52.240 [DEBUG] Urgencia Baja - tiempo de vida: 2147483647

2018-02-20/17:24:52.240 [INFO ] Paciente en Cola:9

2018-02-20/17:24:52.311 [INFO ] Pacientes en cola: 9

2018-02-20/17:24:52.363 [INFO ] Ingreso Paciente Urgencia ALta

2018-02-20/17:24:52.364 [DEBUG] Urgencia Alta - tiempo de vida: 44

2018-02-20/17:24:52.364 [INFO ] Paciente en Cola:10

2018-02-20/17:24:52.405 [INFO ] Ingreso Paciente Urgencia ALta

2018-02-20/17:24:52.405 [DEBUG] Urgencia Alta - tiempo de vida: 34

2018-02-20/17:24:52.406 [INFO ] Paciente en Cola:11

2018-02-20/17:24:52.428 [INFO ] Pacientes en cola: 11

2018-02-20/17:24:52.446 [INFO ] 	Doctor 4	Atiende Paciente

2018-02-20/17:24:52.448 [INFO ] Ingreso Paciente Urgencia Baja

2018-02-20/17:24:52.448 [DEBUG] Urgencia Baja - tiempo de vida: 2147483647

2018-02-20/17:24:52.448 [INFO ] Paciente en Cola:11

2018-02-20/17:24:52.529 [INFO ] Ingreso Paciente Urgencia ALta

2018-02-20/17:24:52.530 [DEBUG] Urgencia Alta - tiempo de vida: 36

2018-02-20/17:24:52.530 [INFO ] Paciente en Cola:12

2018-02-20/17:24:52.539 [INFO ] Pacientes en cola: 12

2018-02-20/17:24:52.634 [INFO ] 	Doctor 2	Atiende Paciente

2018-02-20/17:24:52.650 [INFO ] Pacientes en cola: 11

2018-02-20/17:24:52.692 [INFO ] Ingreso Paciente Urgencia Baja

2018-02-20/17:24:52.693 [DEBUG] Urgencia Baja - tiempo de vida: 2147483647

2018-02-20/17:24:52.693 [INFO ] Paciente en Cola:12

2018-02-20/17:24:52.734 [INFO ] Ingreso Paciente Urgencia ALta

2018-02-20/17:24:52.735 [DEBUG] Urgencia Alta - tiempo de vida: 43

2018-02-20/17:24:52.736 [INFO ] Paciente en Cola:13

2018-02-20/17:24:52.765 [INFO ] Pacientes en cola: 13

2018-02-20/17:24:52.874 [INFO ] Pacientes en cola: 13

2018-02-20/17:24:52.982 [INFO ] Pacientes en cola: 13

2018-02-20/17:24:53.021 [INFO ] Ingreso Paciente Urgencia ALta

2018-02-20/17:24:53.022 [DEBUG] Urgencia Alta - tiempo de vida: 43

2018-02-20/17:24:53.022 [INFO ] Paciente en Cola:14

2018-02-20/17:24:53.059 [INFO ] 	Doctor 3	Atiende Paciente

2018-02-20/17:24:53.091 [INFO ] Pacientes en cola: 13

2018-02-20/17:24:53.198 [INFO ] Pacientes en cola: 13

2018-02-20/17:24:53.229 [INFO ] 	Doctor 1	Atiende Paciente

2018-02-20/17:24:53.315 [INFO ] Pacientes en cola: 12

2018-02-20/17:24:53.399 [INFO ] Ingreso Paciente Urgencia Media

2018-02-20/17:24:53.399 [DEBUG] Urgencia Media - tiempo de vida: 230

2018-02-20/17:24:53.399 [INFO ] Paciente en Cola:13

2018-02-20/17:24:53.423 [INFO ] Pacientes en cola: 13

2018-02-20/17:24:53.480 [INFO ] Ingreso Paciente Urgencia Media

2018-02-20/17:24:53.481 [DEBUG] Urgencia Media - tiempo de vida: 283

2018-02-20/17:24:53.481 [INFO ] Paciente en Cola:14

2018-02-20/17:24:53.529 [INFO ] Pacientes en cola: 14

2018-02-20/17:24:53.566 [INFO ] 	Doctor 0	Atiende Paciente

2018-02-20/17:24:53.634 [INFO ] Pacientes en cola: 13

2018-02-20/17:24:53.687 [INFO ] Ingreso Paciente Urgencia Baja

2018-02-20/17:24:53.688 [DEBUG] Urgencia Baja - tiempo de vida: 2147483647

2018-02-20/17:24:53.688 [INFO ] Paciente en Cola:14

2018-02-20/17:24:53.743 [INFO ] Pacientes en cola: 14

2018-02-20/17:24:53.769 [INFO ] Ingreso Paciente Urgencia ALta

2018-02-20/17:24:53.769 [DEBUG] Urgencia Alta - tiempo de vida: 33

2018-02-20/17:24:53.769 [INFO ] Paciente en Cola:15

2018-02-20/17:24:53.850 [INFO ] Ingreso Paciente Urgencia Media

2018-02-20/17:24:53.850 [DEBUG] Urgencia Media - tiempo de vida: 184

2018-02-20/17:24:53.850 [INFO ] Paciente en Cola:16

2018-02-20/17:24:53.858 [INFO ] Pacientes en cola: 16

2018-02-20/17:24:53.932 [INFO ] Ingreso Paciente Urgencia Baja

2018-02-20/17:24:53.932 [DEBUG] Urgencia Baja - tiempo de vida: 2147483647

2018-02-20/17:24:53.932 [INFO ] Paciente en Cola:17

2018-02-20/17:24:53.967 [INFO ] Pacientes en cola: 17

2018-02-20/17:24:54.087 [INFO ] Pacientes en cola: 17

2018-02-20/17:24:54.171 [INFO ] 	Doctor 4	Atiende Paciente

2018-02-20/17:24:54.175 [INFO ] Ingreso Paciente Urgencia Baja

2018-02-20/17:24:54.175 [DEBUG] Urgencia Baja - tiempo de vida: 2147483647

2018-02-20/17:24:54.175 [INFO ] Paciente en Cola:17

2018-02-20/17:24:54.196 [INFO ] Pacientes en cola: 17

2018-02-20/17:24:54.314 [INFO ] Pacientes en cola: 17

2018-02-20/17:24:54.372 [INFO ] Doctor 3 espera Pacientes

2018-02-20/17:24:54.373 [INFO ] Doctor 2 espera Pacientes

2018-02-20/17:24:54.373 [INFO ] Doctor 4 espera Pacientes

2018-02-20/17:24:54.374 [INFO ] Doctor 1 espera Pacientes

2018-02-20/17:24:54.378 [INFO ] Doctor 0 espera Pacientes

2018-02-20/17:24:54.380 [INFO ] Termino aplicacion

2018-02-20/17:24:54.380 [INFO ] Periodo 07:00 - 07:40

2018-02-20/17:24:54.380 [INFO ] Periodo 07:40 - 10:22

2018-02-20/17:24:54.380 [INFO ] Periodo 10:23 - 14:42

2018-02-20/17:24:54.381 [INFO ] Periodo 14:43 - 18:00

2018-02-20/17:24:54.381 [INFO ] Numero total de pacientes: 33

2018-02-20/17:24:54.381 [INFO ] Numero pacientes Urgencia Alta: 25

2018-02-20/17:24:54.381 [INFO ] Numero pacientes Urgencia Media: 9

2018-02-20/17:24:54.381 [INFO ] Numero pacientes Urgencia Baja: 16

2018-02-20/17:24:54.382 [INFO ] Espera Promedio: 11.93939393939394

2018-02-20/17:24:54.382 [INFO ] Cantidad total de pacientes: 33

2018-02-20/17:24:54.382 [INFO ] -------------------

2018-02-20/17:24:54.383 [INFO ] Fin de Simulacion

2018-02-20/17:24:54.425 [INFO ] Pacientes en cola: 0

2018-02-20/17:24:55.359 [TRACE] Explota Doctorjava.lang.InterruptedException

2018-02-20/17:24:55.359 [TRACE] Explota Doctorjava.lang.InterruptedException

2018-02-20/17:24:55.360 [INFO ] Doctor 2 termino atención.

2018-02-20/17:24:55.359 [TRACE] Explota Doctorjava.lang.InterruptedException

2018-02-20/17:24:55.361 [TRACE] Explota Doctorjava.lang.InterruptedException

2018-02-20/17:24:55.361 [INFO ] Doctor 4 termino atención.

2018-02-20/17:24:55.359 [INFO ] Doctor 1 termino atención.

2018-02-20/17:24:55.361 [INFO ] Doctor 3 termino atención.

2018-02-20/17:24:55.361 [TRACE] Explota Doctorjava.lang.InterruptedException

2018-02-20/17:24:55.365 [INFO ] Doctor 0 termino atención.

2018-02-20/17:24:55.388 [INFO ] DoInBackGround Terminado

2018-02-20/17:27:22.489 [INFO ] Fin Pintor

2018-02-20/17:27:22.493 [INFO ] Inicio Pintor

2018-02-20/17:27:22.509 [INFO ] Carga Archivo de Urgencias Cantidad de periodos: 4

2018-02-20/17:27:22.510 [INFO ] Comienza Simulación

2018-02-20/17:27:22.512 [INFO ] T inicio: 360

2018-02-20/17:27:22.513 [INFO ] T fin   : 1080

2018-02-20/17:27:22.513 [INFO ] Ejecuta los Doctores: 5

2018-02-20/17:27:22.537 [INFO ] Doctor 0 espera Pacientes

2018-02-20/17:27:22.547 [INFO ] Doctor 1 espera Pacientes

2018-02-20/17:27:22.589 [INFO ] Doctor 3 espera Pacientes

2018-02-20/17:27:22.589 [INFO ] Doctor 2 espera Pacientes

2018-02-20/17:27:22.591 [INFO ] Doctor 4 espera Pacientes

2018-02-20/17:27:22.671 [INFO ] Pacientes en cola: 0

2018-02-20/17:27:22.839 [INFO ] Ingreso Paciente Urgencia ALta

2018-02-20/17:27:22.842 [DEBUG] Urgencia Alta - tiempo de vida: 36

2018-02-20/17:27:22.844 [INFO ] Doctor 2 espera Pacientes

2018-02-20/17:27:22.844 [INFO ] Paciente en Cola:0

2018-02-20/17:27:22.844 [INFO ] 	Doctor 4	Atiende Paciente

2018-02-20/17:27:22.846 [INFO ] Doctor 3 espera Pacientes

2018-02-20/17:27:22.847 [INFO ] Doctor 1 espera Pacientes

2018-02-20/17:27:22.848 [INFO ] Doctor 0 espera Pacientes

2018-02-20/17:27:22.862 [INFO ] Pacientes en cola: 0

2018-02-20/17:27:23.009 [INFO ] Pacientes en cola: 0

2018-02-20/17:27:23.095 [INFO ] Ingreso Paciente Urgencia ALta

2018-02-20/17:27:23.096 [DEBUG] Urgencia Alta - tiempo de vida: 36

2018-02-20/17:27:23.096 [INFO ] Paciente en Cola:1

2018-02-20/17:27:23.096 [INFO ] 	Doctor 0	Atiende Paciente

2018-02-20/17:27:23.108 [INFO ] Doctor 1 espera Pacientes

2018-02-20/17:27:23.108 [INFO ] Doctor 3 espera Pacientes

2018-02-20/17:27:23.109 [INFO ] Doctor 2 espera Pacientes

2018-02-20/17:27:23.181 [INFO ] Pacientes en cola: 0

2018-02-20/17:27:23.335 [INFO ] Pacientes en cola: 0

2018-02-20/17:27:23.404 [INFO ] Ingreso Paciente Urgencia ALta

2018-02-20/17:27:23.404 [DEBUG] Urgencia Alta - tiempo de vida: 35

2018-02-20/17:27:23.405 [INFO ] Paciente en Cola:1

2018-02-20/17:27:23.405 [INFO ] 	Doctor 2	Atiende Paciente

2018-02-20/17:27:23.405 [INFO ] Doctor 3 espera Pacientes

2018-02-20/17:27:23.406 [INFO ] Doctor 1 espera Pacientes

2018-02-20/17:27:23.467 [INFO ] Pacientes en cola: 0

2018-02-20/17:27:23.571 [INFO ] Ingreso Paciente Urgencia Baja

2018-02-20/17:27:23.572 [DEBUG] Urgencia Baja - tiempo de vida: 2147483647

2018-02-20/17:27:23.572 [INFO ] Paciente en Cola:1

2018-02-20/17:27:23.572 [INFO ] 	Doctor 1	Atiende Paciente

2018-02-20/17:27:23.580 [INFO ] Doctor 3 espera Pacientes

2018-02-20/17:27:23.630 [INFO ] Pacientes en cola: 0

2018-02-20/17:27:23.654 [INFO ] Ingreso Paciente Urgencia ALta

2018-02-20/17:27:23.654 [DEBUG] Urgencia Alta - tiempo de vida: 44

2018-02-20/17:27:23.655 [INFO ] Paciente en Cola:1

2018-02-20/17:27:23.655 [INFO ] 	Doctor 3	Atiende Paciente

2018-02-20/17:27:23.773 [INFO ] Pacientes en cola: 0

2018-02-20/17:27:23.893 [INFO ] Pacientes en cola: 0

2018-02-20/17:27:23.936 [INFO ] Ingreso Paciente Urgencia ALta

2018-02-20/17:27:23.937 [DEBUG] Urgencia Alta - tiempo de vida: 32

2018-02-20/17:27:23.937 [INFO ] Paciente en Cola:1

2018-02-20/17:27:23.965 [INFO ] 	Doctor 4	Atiende Paciente

2018-02-20/17:27:23.979 [INFO ] Ingreso Paciente Urgencia ALta

2018-02-20/17:27:23.979 [DEBUG] Urgencia Alta - tiempo de vida: 44

2018-02-20/17:27:23.980 [INFO ] Paciente en Cola:1

2018-02-20/17:27:24.021 [INFO ] Pacientes en cola: 1

2018-02-20/17:27:24.110 [INFO ] Ingreso Paciente Urgencia Baja

2018-02-20/17:27:24.112 [DEBUG] Urgencia Baja - tiempo de vida: 2147483647

2018-02-20/17:27:24.112 [INFO ] Paciente en Cola:2

2018-02-20/17:27:24.130 [INFO ] Doctor 4 espera Pacientes

2018-02-20/17:27:24.145 [INFO ] Pacientes en cola: 0

2018-02-20/17:27:24.150 [INFO ] Doctor 1 espera Pacientes

2018-02-20/17:27:24.150 [INFO ] Doctor 2 espera Pacientes

2018-02-20/17:27:24.151 [INFO ] Doctor 0 espera Pacientes

2018-02-20/17:27:24.153 [INFO ] Termino aplicacion

2018-02-20/17:27:24.153 [INFO ] Periodo 07:00 - 07:40

2018-02-20/17:27:24.153 [INFO ] Periodo 07:40 - 10:22

2018-02-20/17:27:24.153 [INFO ] Periodo 10:23 - 14:42

2018-02-20/17:27:24.153 [INFO ] Periodo 14:43 - 18:00

2018-02-20/17:27:24.154 [INFO ] Numero total de pacientes: 6

2018-02-20/17:27:24.154 [INFO ] Numero pacientes Urgencia Alta: 6

2018-02-20/17:27:24.154 [INFO ] Numero pacientes Urgencia Media: 0

2018-02-20/17:27:24.154 [INFO ] Doctor 3 espera Pacientes

2018-02-20/17:27:24.154 [INFO ] Numero pacientes Urgencia Baja: 2

2018-02-20/17:27:24.155 [INFO ] Espera Promedio: 0.8333333333333334

2018-02-20/17:27:24.156 [INFO ] Cantidad total de pacientes: 6

2018-02-20/17:27:24.156 [INFO ] -------------------

2018-02-20/17:27:24.156 [INFO ] Fin de Simulacion

2018-02-20/17:27:25.130 [TRACE] Explota Doctorjava.lang.InterruptedException

2018-02-20/17:27:25.131 [TRACE] Explota Doctorjava.lang.InterruptedException

2018-02-20/17:27:25.131 [INFO ] Doctor 1 termino atención.

2018-02-20/17:27:25.132 [TRACE] Explota Doctorjava.lang.InterruptedException

2018-02-20/17:27:25.132 [INFO ] Doctor 3 termino atención.

2018-02-20/17:27:25.131 [INFO ] Doctor 0 termino atención.

2018-02-20/17:27:25.133 [TRACE] Explota Doctorjava.lang.InterruptedException

2018-02-20/17:27:25.133 [INFO ] Doctor 2 termino atención.

2018-02-20/17:27:25.130 [TRACE] Explota Doctorjava.lang.InterruptedException

2018-02-20/17:27:25.140 [INFO ] Doctor 4 termino atención.

2018-02-20/17:27:25.216 [INFO ] DoInBackGround Terminado

2018-02-20/17:27:38.050 [INFO ] Carga Archivo de Urgencias Cantidad de periodos: 4

2018-02-20/17:27:38.051 [INFO ] Comienza Simulación

2018-02-20/17:27:38.052 [INFO ] T inicio: 360

2018-02-20/17:27:38.053 [INFO ] T fin   : 1080

2018-02-20/17:27:38.053 [INFO ] Ejecuta los Doctores: 5

2018-02-20/17:27:38.054 [INFO ] Doctor 0 espera Pacientes

2018-02-20/17:27:38.059 [INFO ] Doctor 2 espera Pacientes

2018-02-20/17:27:38.060 [INFO ] Doctor 1 espera Pacientes

2018-02-20/17:27:38.060 [INFO ] Doctor 3 espera Pacientes

2018-02-20/17:27:38.061 [INFO ] Doctor 4 espera Pacientes

2018-02-20/17:27:38.068 [INFO ] Fin Pintor

2018-02-20/17:27:38.106 [INFO ] Ingreso Paciente Urgencia ALta

2018-02-20/17:27:38.108 [INFO ] Inicio Pintor

2018-02-20/17:27:38.106 [DEBUG] Urgencia Alta - tiempo de vida: 31

2018-02-20/17:27:38.109 [INFO ] Paciente en Cola:1

2018-02-20/17:27:38.109 [INFO ] 	Doctor 4	Atiende Paciente

2018-02-20/17:27:38.109 [INFO ] Doctor 3 espera Pacientes

2018-02-20/17:27:38.110 [INFO ] Doctor 1 espera Pacientes

2018-02-20/17:27:38.111 [INFO ] Doctor 2 espera Pacientes

2018-02-20/17:27:38.111 [INFO ] Doctor 0 espera Pacientes

2018-02-20/17:27:38.149 [INFO ] Ingreso Paciente Urgencia ALta

2018-02-20/17:27:38.150 [DEBUG] Urgencia Alta - tiempo de vida: 38

2018-02-20/17:27:38.150 [INFO ] Paciente en Cola:1

2018-02-20/17:27:38.151 [INFO ] 	Doctor 0	Atiende Paciente

2018-02-20/17:27:38.151 [INFO ] Doctor 2 espera Pacientes

2018-02-20/17:27:38.151 [INFO ] Doctor 1 espera Pacientes

2018-02-20/17:27:38.151 [INFO ] Doctor 3 espera Pacientes

2018-02-20/17:27:38.228 [INFO ] Pacientes en cola: 0

2018-02-20/17:27:38.340 [INFO ] Pacientes en cola: 0

2018-02-20/17:27:38.400 [INFO ] Ingreso Paciente Urgencia ALta

2018-02-20/17:27:38.401 [DEBUG] Urgencia Alta - tiempo de vida: 36

2018-02-20/17:27:38.401 [INFO ] Paciente en Cola:1

2018-02-20/17:27:38.402 [INFO ] 	Doctor 3	Atiende Paciente

2018-02-20/17:27:38.402 [INFO ] Doctor 1 espera Pacientes

2018-02-20/17:27:38.402 [INFO ] Doctor 2 espera Pacientes

2018-02-20/17:27:38.456 [INFO ] Pacientes en cola: 0

2018-02-20/17:27:38.564 [INFO ] Ingreso Paciente Urgencia ALta

2018-02-20/17:27:38.565 [DEBUG] Urgencia Alta - tiempo de vida: 38

2018-02-20/17:27:38.565 [INFO ] Paciente en Cola:1

2018-02-20/17:27:38.566 [INFO ] 	Doctor 2	Atiende Paciente

2018-02-20/17:27:38.566 [INFO ] Doctor 1 espera Pacientes

2018-02-20/17:27:38.572 [INFO ] Pacientes en cola: 0

2018-02-20/17:27:38.693 [INFO ] Pacientes en cola: 0

2018-02-20/17:27:38.807 [INFO ] Pacientes en cola: 0

2018-02-20/17:27:38.931 [INFO ] Pacientes en cola: 0

2018-02-20/17:27:38.941 [INFO ] Ingreso Paciente Urgencia ALta

2018-02-20/17:27:38.942 [DEBUG] Urgencia Alta - tiempo de vida: 37

2018-02-20/17:27:38.942 [INFO ] Paciente en Cola:1

2018-02-20/17:27:38.942 [INFO ] 	Doctor 1	Atiende Paciente

2018-02-20/17:27:38.982 [INFO ] Ingreso Paciente Urgencia ALta

2018-02-20/17:27:38.983 [DEBUG] Urgencia Alta - tiempo de vida: 31

2018-02-20/17:27:38.983 [INFO ] Paciente en Cola:1

2018-02-20/17:27:39.056 [INFO ] Pacientes en cola: 1

2018-02-20/17:27:39.167 [INFO ] Pacientes en cola: 1

2018-02-20/17:27:39.302 [INFO ] Pacientes en cola: 1

2018-02-20/17:27:39.345 [INFO ] 	Doctor 3	Atiende Paciente

2018-02-20/17:27:39.419 [INFO ] Pacientes en cola: 0

2018-02-20/17:27:39.467 [INFO ] Ingreso Paciente Urgencia ALta

2018-02-20/17:27:39.468 [DEBUG] Urgencia Alta - tiempo de vida: 32

2018-02-20/17:27:39.468 [INFO ] Paciente en Cola:1

2018-02-20/17:27:39.509 [INFO ] Ingreso Paciente Urgencia ALta

2018-02-20/17:27:39.510 [DEBUG] Urgencia Alta - tiempo de vida: 38

2018-02-20/17:27:39.510 [INFO ] Paciente en Cola:2

2018-02-20/17:27:39.526 [INFO ] 	Doctor 4	Atiende Paciente

2018-02-20/17:27:39.539 [INFO ] Pacientes en cola: 1

2018-02-20/17:27:39.593 [INFO ] Ingreso Paciente Urgencia ALta

2018-02-20/17:27:39.593 [DEBUG] Urgencia Alta - tiempo de vida: 42

2018-02-20/17:27:39.594 [INFO ] Paciente en Cola:2

2018-02-20/17:27:39.656 [INFO ] Pacientes en cola: 2

2018-02-20/17:27:39.715 [INFO ] Ingreso Paciente Urgencia ALta

2018-02-20/17:27:39.716 [DEBUG] Urgencia Alta - tiempo de vida: 30

2018-02-20/17:27:39.716 [INFO ] Paciente en Cola:3

2018-02-20/17:27:39.757 [INFO ] Ingreso Paciente Urgencia Baja

2018-02-20/17:27:39.758 [DEBUG] Urgencia Baja - tiempo de vida: 2147483647

2018-02-20/17:27:39.758 [INFO ] Paciente en Cola:4

2018-02-20/17:27:39.764 [INFO ] Pacientes en cola: 4

2018-02-20/17:27:39.872 [INFO ] Pacientes en cola: 4

2018-02-20/17:27:39.923 [INFO ] Ingreso Paciente Urgencia Baja

2018-02-20/17:27:39.924 [DEBUG] Urgencia Baja - tiempo de vida: 2147483647

2018-02-20/17:27:39.924 [INFO ] Paciente en Cola:5

2018-02-20/17:27:39.981 [INFO ] Pacientes en cola: 5

2018-02-20/17:27:39.995 [INFO ] 	Doctor 0	Atiende Paciente

2018-02-20/17:27:40.091 [INFO ] Pacientes en cola: 4

2018-02-20/17:27:40.200 [INFO ] Pacientes en cola: 4

2018-02-20/17:27:40.308 [INFO ] Pacientes en cola: 4

2018-02-20/17:27:40.417 [INFO ] Pacientes en cola: 4

2018-02-20/17:27:40.533 [INFO ] Pacientes en cola: 4

2018-02-20/17:27:40.603 [INFO ] 	Doctor 2	Atiende Paciente

2018-02-20/17:27:40.621 [INFO ] Ingreso Paciente Urgencia Baja

2018-02-20/17:27:40.622 [DEBUG] Urgencia Baja - tiempo de vida: 2147483647

2018-02-20/17:27:40.622 [INFO ] Paciente en Cola:4

2018-02-20/17:27:40.661 [INFO ] Pacientes en cola: 4

2018-02-20/17:27:40.663 [INFO ] Ingreso Paciente Urgencia ALta

2018-02-20/17:27:40.663 [DEBUG] Urgencia Alta - tiempo de vida: 38

2018-02-20/17:27:40.663 [INFO ] Paciente en Cola:5

2018-02-20/17:27:40.788 [INFO ] Pacientes en cola: 5

2018-02-20/17:27:40.890 [INFO ] 	Doctor 1	Atiende Paciente

2018-02-20/17:27:40.897 [INFO ] Pacientes en cola: 4

2018-02-20/17:27:41.004 [INFO ] Ingreso Paciente Urgencia Media

2018-02-20/17:27:41.006 [DEBUG] Urgencia Media - tiempo de vida: 379

2018-02-20/17:27:41.007 [INFO ] Paciente en Cola:5

2018-02-20/17:27:41.029 [INFO ] Pacientes en cola: 5

2018-02-20/17:27:41.140 [INFO ] Pacientes en cola: 5

2018-02-20/17:27:41.161 [INFO ] 	Doctor 4	Atiende Paciente

2018-02-20/17:27:41.251 [INFO ] Pacientes en cola: 4

2018-02-20/17:27:41.295 [INFO ] Ingreso Paciente Urgencia Media

2018-02-20/17:27:41.295 [DEBUG] Urgencia Media - tiempo de vida: 379

2018-02-20/17:27:41.295 [INFO ] Paciente en Cola:5

2018-02-20/17:27:41.373 [INFO ] Pacientes en cola: 5

2018-02-20/17:27:41.377 [INFO ] Ingreso Paciente Urgencia Media

2018-02-20/17:27:41.378 [DEBUG] Urgencia Media - tiempo de vida: 520

2018-02-20/17:27:41.378 [INFO ] Paciente en Cola:6

2018-02-20/17:27:41.483 [INFO ] Pacientes en cola: 6

2018-02-20/17:27:41.549 [INFO ] 	Doctor 3	Atiende Paciente

2018-02-20/17:27:41.599 [INFO ] Pacientes en cola: 5

2018-02-20/17:27:41.628 [INFO ] Ingreso Paciente Urgencia ALta

2018-02-20/17:27:41.629 [DEBUG] Urgencia Alta - tiempo de vida: 36

2018-02-20/17:27:41.630 [INFO ] Paciente en Cola:6

2018-02-20/17:27:41.716 [INFO ] Pacientes en cola: 6

2018-02-20/17:27:41.795 [INFO ] Ingreso Paciente Urgencia ALta

2018-02-20/17:27:41.796 [DEBUG] Urgencia Alta - tiempo de vida: 37

2018-02-20/17:27:41.796 [INFO ] Paciente en Cola:7

2018-02-20/17:27:41.827 [INFO ] Pacientes en cola: 7

2018-02-20/17:27:41.917 [INFO ] Ingreso Paciente Urgencia ALta

2018-02-20/17:27:41.917 [DEBUG] Urgencia Alta - tiempo de vida: 38

2018-02-20/17:27:41.918 [INFO ] Paciente en Cola:8

2018-02-20/17:27:41.940 [INFO ] Pacientes en cola: 8

2018-02-20/17:27:41.957 [INFO ] 	Doctor 0	Atiende Paciente

2018-02-20/17:27:42.062 [INFO ] Pacientes en cola: 7

2018-02-20/17:27:42.128 [INFO ] Ingreso Paciente Urgencia Media

2018-02-20/17:27:42.129 [DEBUG] Urgencia Media - tiempo de vida: 294

2018-02-20/17:27:42.129 [INFO ] Paciente en Cola:8

2018-02-20/17:27:42.177 [INFO ] Pacientes en cola: 8

2018-02-20/17:27:42.294 [INFO ] Pacientes en cola: 8

2018-02-20/17:27:42.319 [INFO ] 	Doctor 2	Atiende Paciente

2018-02-20/17:27:42.403 [INFO ] Pacientes en cola: 7

2018-02-20/17:27:42.529 [INFO ] Pacientes en cola: 7

2018-02-20/17:27:42.652 [INFO ] Pacientes en cola: 7

2018-02-20/17:27:42.742 [INFO ] Ingreso Paciente Urgencia ALta

2018-02-20/17:27:42.743 [DEBUG] Urgencia Alta - tiempo de vida: 37

2018-02-20/17:27:42.743 [INFO ] Paciente en Cola:8

2018-02-20/17:27:42.770 [INFO ] Pacientes en cola: 8

2018-02-20/17:27:42.784 [INFO ] Ingreso Paciente Urgencia Baja

2018-02-20/17:27:42.784 [DEBUG] Urgencia Baja - tiempo de vida: 2147483647

2018-02-20/17:27:42.784 [INFO ] Paciente en Cola:9

2018-02-20/17:27:42.825 [INFO ] Ingreso Paciente Urgencia ALta

2018-02-20/17:27:42.825 [DEBUG] Urgencia Alta - tiempo de vida: 37

2018-02-20/17:27:42.825 [INFO ] Paciente en Cola:10

2018-02-20/17:27:42.886 [INFO ] Pacientes en cola: 10

2018-02-20/17:27:42.903 [INFO ] 	Doctor 1	Atiende Paciente

2018-02-20/17:27:42.992 [INFO ] Ingreso Paciente Urgencia Baja

2018-02-20/17:27:42.992 [DEBUG] Urgencia Baja - tiempo de vida: 2147483647

2018-02-20/17:27:42.992 [INFO ] Pacientes en cola: 9

2018-02-20/17:27:42.992 [INFO ] Paciente en Cola:10

2018-02-20/17:27:43.039 [INFO ] Ingreso Paciente Urgencia Baja

2018-02-20/17:27:43.040 [DEBUG] Urgencia Baja - tiempo de vida: 2147483647

2018-02-20/17:27:43.040 [INFO ] Paciente en Cola:11

2018-02-20/17:27:43.081 [INFO ] Ingreso Paciente Urgencia ALta

2018-02-20/17:27:43.082 [DEBUG] Urgencia Alta - tiempo de vida: 41

2018-02-20/17:27:43.082 [INFO ] Paciente en Cola:12

2018-02-20/17:27:43.099 [INFO ] Pacientes en cola: 12

2018-02-20/17:27:43.209 [INFO ] Pacientes en cola: 12

2018-02-20/17:27:43.220 [INFO ] 	Doctor 4	Atiende Paciente

2018-02-20/17:27:43.318 [INFO ] Pacientes en cola: 11

2018-02-20/17:27:43.430 [INFO ] Pacientes en cola: 11

2018-02-20/17:27:43.472 [INFO ] 	Doctor 2	Atiende Paciente

2018-02-20/17:27:43.549 [INFO ] Pacientes en cola: 10

2018-02-20/17:27:43.552 [INFO ] 	Doctor 0	Atiende Paciente

2018-02-20/17:27:43.669 [INFO ] Pacientes en cola: 9

2018-02-20/17:27:43.754 [INFO ] 	Doctor 3	Atiende Paciente

2018-02-20/17:27:43.791 [INFO ] Pacientes en cola: 8

2018-02-20/17:27:43.859 [INFO ] Ingreso Paciente Urgencia ALta

2018-02-20/17:27:43.859 [DEBUG] Urgencia Alta - tiempo de vida: 30

2018-02-20/17:27:43.860 [INFO ] Paciente en Cola:9

2018-02-20/17:27:43.908 [INFO ] Pacientes en cola: 9

2018-02-20/17:27:43.983 [INFO ] Ingreso Paciente Urgencia ALta

2018-02-20/17:27:43.984 [DEBUG] Urgencia Alta - tiempo de vida: 43

2018-02-20/17:27:43.984 [INFO ] Paciente en Cola:10

2018-02-20/17:27:44.018 [INFO ] Pacientes en cola: 10

2018-02-20/17:27:44.125 [INFO ] Pacientes en cola: 10

2018-02-20/17:27:44.234 [INFO ] Pacientes en cola: 10

2018-02-20/17:27:44.345 [INFO ] Pacientes en cola: 10

2018-02-20/17:27:44.389 [INFO ] Ingreso Paciente Urgencia ALta

2018-02-20/17:27:44.390 [DEBUG] Urgencia Alta - tiempo de vida: 36

2018-02-20/17:27:44.390 [INFO ] Paciente en Cola:11

2018-02-20/17:27:44.431 [INFO ] Ingreso Paciente Urgencia Baja

2018-02-20/17:27:44.431 [DEBUG] Urgencia Baja - tiempo de vida: 2147483647

2018-02-20/17:27:44.431 [INFO ] Paciente en Cola:12

2018-02-20/17:27:44.468 [INFO ] Pacientes en cola: 12

2018-02-20/17:27:44.553 [INFO ] Ingreso Paciente Urgencia Media

2018-02-20/17:27:44.554 [DEBUG] Urgencia Media - tiempo de vida: 231

2018-02-20/17:27:44.554 [INFO ] Paciente en Cola:13

2018-02-20/17:27:44.593 [INFO ] Pacientes en cola: 13

2018-02-20/17:27:44.714 [INFO ] Pacientes en cola: 13

2018-02-20/17:27:44.731 [INFO ] 	Doctor 1	Atiende Paciente

2018-02-20/17:27:44.756 [INFO ] Ingreso Paciente Urgencia ALta

2018-02-20/17:27:44.757 [DEBUG] Urgencia Alta - tiempo de vida: 34

2018-02-20/17:27:44.757 [INFO ] Paciente en Cola:13

2018-02-20/17:27:44.822 [INFO ] Pacientes en cola: 13

2018-02-20/17:27:44.928 [INFO ] Pacientes en cola: 13

2018-02-20/17:27:44.959 [INFO ] Ingreso Paciente Urgencia ALta

2018-02-20/17:27:44.960 [DEBUG] Urgencia Alta - tiempo de vida: 35

2018-02-20/17:27:44.960 [INFO ] Paciente en Cola:14

2018-02-20/17:27:45.041 [INFO ] Pacientes en cola: 14

2018-02-20/17:27:45.044 [INFO ] Ingreso Paciente Urgencia Media

2018-02-20/17:27:45.044 [DEBUG] Urgencia Media - tiempo de vida: 492

2018-02-20/17:27:45.044 [INFO ] Paciente en Cola:15

2018-02-20/17:27:45.098 [INFO ] 	Doctor 3	Atiende Paciente

2018-02-20/17:27:45.098 [INFO ] 	Doctor 4	Atiende Paciente

2018-02-20/17:27:45.139 [INFO ] 	Doctor 0	Atiende Paciente

2018-02-20/17:27:45.150 [INFO ] Pacientes en cola: 12

2018-02-20/17:27:45.260 [INFO ] Pacientes en cola: 12

2018-02-20/17:27:45.328 [INFO ] Ingreso Paciente Urgencia Baja

2018-02-20/17:27:45.329 [DEBUG] Urgencia Baja - tiempo de vida: 2147483647

2018-02-20/17:27:45.329 [INFO ] Paciente en Cola:13

2018-02-20/17:27:45.377 [INFO ] Pacientes en cola: 13

2018-02-20/17:27:45.410 [INFO ] Ingreso Paciente Urgencia Baja

2018-02-20/17:27:45.411 [DEBUG] Urgencia Baja - tiempo de vida: 2147483647

2018-02-20/17:27:45.411 [INFO ] Paciente en Cola:14

2018-02-20/17:27:45.487 [INFO ] Pacientes en cola: 14

2018-02-20/17:27:45.629 [INFO ] 	Doctor 1	Atiende Paciente

2018-02-20/17:27:45.649 [INFO ] Pacientes en cola: 13

2018-02-20/17:27:45.750 [INFO ] 	Doctor 2	Atiende Paciente

2018-02-20/17:27:45.761 [INFO ] Pacientes en cola: 12

2018-02-20/17:27:45.856 [INFO ] Ingreso Paciente Urgencia ALta

2018-02-20/17:27:45.856 [DEBUG] Urgencia Alta - tiempo de vida: 41

2018-02-20/17:27:45.856 [INFO ] Paciente en Cola:13

2018-02-20/17:27:45.868 [INFO ] Pacientes en cola: 13

2018-02-20/17:27:45.898 [INFO ] Ingreso Paciente Urgencia Baja

2018-02-20/17:27:45.899 [DEBUG] Urgencia Baja - tiempo de vida: 2147483647

2018-02-20/17:27:45.899 [INFO ] Paciente en Cola:14

2018-02-20/17:27:45.984 [INFO ] Pacientes en cola: 14

2018-02-20/17:27:46.024 [INFO ] Ingreso Paciente Urgencia Media

2018-02-20/17:27:46.024 [DEBUG] Urgencia Media - tiempo de vida: 240

2018-02-20/17:27:46.025 [INFO ] Paciente en Cola:15

2018-02-20/17:27:46.096 [INFO ] Pacientes en cola: 15

2018-02-20/17:27:46.216 [INFO ] Pacientes en cola: 15

2018-02-20/17:27:46.327 [INFO ] Pacientes en cola: 15

2018-02-20/17:27:46.393 [INFO ] Ingreso Paciente Urgencia Baja

2018-02-20/17:27:46.393 [DEBUG] Urgencia Baja - tiempo de vida: 2147483647

2018-02-20/17:27:46.394 [INFO ] Paciente en Cola:16

2018-02-20/17:27:46.454 [INFO ] Pacientes en cola: 16

2018-02-20/17:27:46.515 [INFO ] Ingreso Paciente Urgencia Baja

2018-02-20/17:27:46.516 [DEBUG] Urgencia Baja - tiempo de vida: 2147483647

2018-02-20/17:27:46.516 [INFO ] Paciente en Cola:17

2018-02-20/17:27:46.563 [INFO ] Pacientes en cola: 17

2018-02-20/17:27:46.643 [INFO ] 	Doctor 1	Atiende Paciente

2018-02-20/17:27:46.669 [INFO ] Pacientes en cola: 16

2018-02-20/17:27:46.678 [INFO ] Ingreso Paciente Urgencia ALta

2018-02-20/17:27:46.679 [DEBUG] Urgencia Alta - tiempo de vida: 32

2018-02-20/17:27:46.679 [INFO ] Paciente en Cola:17

2018-02-20/17:27:46.683 [INFO ] 	Doctor 2	Atiende Paciente

2018-02-20/17:27:46.760 [INFO ] Ingreso Paciente Urgencia Media

2018-02-20/17:27:46.760 [DEBUG] Urgencia Media - tiempo de vida: 607

2018-02-20/17:27:46.760 [INFO ] Paciente en Cola:17

2018-02-20/17:27:46.779 [INFO ] Pacientes en cola: 17

2018-02-20/17:27:46.887 [INFO ] Pacientes en cola: 17

2018-02-20/17:27:46.993 [INFO ] Pacientes en cola: 17

2018-02-20/17:27:47.104 [INFO ] Pacientes en cola: 17

2018-02-20/17:27:47.215 [INFO ] Pacientes en cola: 17

2018-02-20/17:27:47.290 [INFO ] 	Doctor 0	Atiende Paciente

2018-02-20/17:27:47.327 [INFO ] Pacientes en cola: 16

2018-02-20/17:27:47.330 [INFO ] 	Doctor 4	Atiende Paciente

2018-02-20/17:27:47.440 [INFO ] Pacientes en cola: 15

2018-02-20/17:27:47.484 [INFO ] 	Doctor 3	Atiende Paciente

2018-02-20/17:27:47.550 [INFO ] Pacientes en cola: 14

2018-02-20/17:27:47.567 [INFO ] Ingreso Paciente Urgencia Baja

2018-02-20/17:27:47.567 [DEBUG] Urgencia Baja - tiempo de vida: 2147483647

2018-02-20/17:27:47.567 [INFO ] Paciente en Cola:15

2018-02-20/17:27:47.648 [INFO ] Ingreso Paciente Urgencia ALta

2018-02-20/17:27:47.648 [DEBUG] Urgencia Alta - tiempo de vida: 33

2018-02-20/17:27:47.649 [INFO ] Paciente en Cola:16

2018-02-20/17:27:47.663 [INFO ] Pacientes en cola: 16

2018-02-20/17:27:47.730 [INFO ] Ingreso Paciente Urgencia Baja

2018-02-20/17:27:47.730 [DEBUG] Urgencia Baja - tiempo de vida: 2147483647

2018-02-20/17:27:47.730 [INFO ] Paciente en Cola:17

2018-02-20/17:27:47.769 [INFO ] Pacientes en cola: 17

2018-02-20/17:27:47.811 [INFO ] Ingreso Paciente Urgencia Baja

2018-02-20/17:27:47.812 [DEBUG] Urgencia Baja - tiempo de vida: 2147483647

2018-02-20/17:27:47.812 [INFO ] Paciente en Cola:18

2018-02-20/17:27:47.878 [INFO ] Pacientes en cola: 18

2018-02-20/17:27:47.973 [INFO ] Ingreso Paciente Urgencia ALta

2018-02-20/17:27:47.974 [DEBUG] Urgencia Alta - tiempo de vida: 44

2018-02-20/17:27:47.974 [INFO ] Paciente en Cola:19

2018-02-20/17:27:47.984 [INFO ] Pacientes en cola: 19

2018-02-20/17:27:48.015 [INFO ] Ingreso Paciente Urgencia Baja

2018-02-20/17:27:48.016 [DEBUG] Urgencia Baja - tiempo de vida: 2147483647

2018-02-20/17:27:48.016 [INFO ] Paciente en Cola:20

2018-02-20/17:27:48.058 [INFO ] Ingreso Paciente Urgencia Media

2018-02-20/17:27:48.058 [DEBUG] Urgencia Media - tiempo de vida: 370

2018-02-20/17:27:48.058 [INFO ] Paciente en Cola:21

2018-02-20/17:27:48.094 [INFO ] Pacientes en cola: 21

2018-02-20/17:27:48.198 [INFO ] Pacientes en cola: 21

2018-02-20/17:27:48.271 [INFO ] 	Doctor 2	Atiende Paciente

2018-02-20/17:27:48.300 [INFO ] Ingreso Paciente Urgencia ALta

2018-02-20/17:27:48.301 [DEBUG] Urgencia Alta - tiempo de vida: 41

2018-02-20/17:27:48.301 [INFO ] Paciente en Cola:21

2018-02-20/17:27:48.330 [INFO ] Pacientes en cola: 21

2018-02-20/17:27:48.341 [INFO ] 	Doctor 0	Atiende Paciente

2018-02-20/17:27:48.394 [INFO ] 	Doctor 1	Atiende Paciente

2018-02-20/17:27:48.422 [INFO ] Ingreso Paciente Urgencia Media

2018-02-20/17:27:48.422 [DEBUG] Urgencia Media - tiempo de vida: 242

2018-02-20/17:27:48.422 [INFO ] Paciente en Cola:20

2018-02-20/17:27:48.435 [INFO ] Pacientes en cola: 20

2018-02-20/17:27:48.463 [INFO ] Ingreso Paciente Urgencia ALta

2018-02-20/17:27:48.464 [DEBUG] Urgencia Alta - tiempo de vida: 42

2018-02-20/17:27:48.464 [INFO ] Paciente en Cola:21

2018-02-20/17:27:48.546 [INFO ] Pacientes en cola: 21

2018-02-20/17:27:48.662 [INFO ] Pacientes en cola: 21

2018-02-20/17:27:48.782 [INFO ] Pacientes en cola: 21

2018-02-20/17:27:48.789 [INFO ] Ingreso Paciente Urgencia Media

2018-02-20/17:27:48.790 [DEBUG] Urgencia Media - tiempo de vida: 536

2018-02-20/17:27:48.790 [INFO ] Paciente en Cola:22

2018-02-20/17:27:48.908 [INFO ] Pacientes en cola: 22

2018-02-20/17:27:49.027 [INFO ] Pacientes en cola: 22

2018-02-20/17:27:49.034 [INFO ] Ingreso Paciente Urgencia ALta

2018-02-20/17:27:49.035 [DEBUG] Urgencia Alta - tiempo de vida: 31

2018-02-20/17:27:49.035 [INFO ] Paciente en Cola:23

2018-02-20/17:27:49.075 [INFO ] Ingreso Paciente Urgencia ALta

2018-02-20/17:27:49.076 [DEBUG] Urgencia Alta - tiempo de vida: 34

2018-02-20/17:27:49.076 [INFO ] Paciente en Cola:24

2018-02-20/17:27:49.117 [INFO ] Ingreso Paciente Urgencia ALta

2018-02-20/17:27:49.117 [DEBUG] Urgencia Alta - tiempo de vida: 42

2018-02-20/17:27:49.117 [INFO ] Paciente en Cola:25

2018-02-20/17:27:49.139 [INFO ] Pacientes en cola: 23

2018-02-20/17:27:49.165 [INFO ] 	Doctor 4	Atiende Paciente

2018-02-20/17:27:49.245 [INFO ] Pacientes en cola: 23

2018-02-20/17:27:49.350 [INFO ] Pacientes en cola: 23

2018-02-20/17:27:49.399 [INFO ] Ingreso Paciente Urgencia ALta

2018-02-20/17:27:49.400 [DEBUG] Urgencia Alta - tiempo de vida: 38

2018-02-20/17:27:49.400 [INFO ] Paciente en Cola:25

2018-02-20/17:27:49.440 [INFO ] Ingreso Paciente Urgencia ALta

2018-02-20/17:27:49.441 [DEBUG] Urgencia Alta - tiempo de vida: 43

2018-02-20/17:27:49.441 [INFO ] Paciente en Cola:26

2018-02-20/17:27:49.460 [INFO ] Pacientes en cola: 23

2018-02-20/17:27:49.565 [INFO ] Pacientes en cola: 23

2018-02-20/17:27:49.671 [INFO ] Pacientes en cola: 23

2018-02-20/17:27:49.785 [INFO ] Pacientes en cola: 23

2018-02-20/17:27:49.793 [INFO ] 	Doctor 3	Atiende Paciente

2018-02-20/17:27:49.860 [INFO ] 	Doctor 2	Atiende Paciente

2018-02-20/17:27:49.899 [INFO ] Pacientes en cola: 23

2018-02-20/17:27:49.968 [INFO ] Ingreso Paciente Urgencia ALta

2018-02-20/17:27:49.968 [DEBUG] Urgencia Alta - tiempo de vida: 31

2018-02-20/17:27:49.968 [INFO ] Paciente en Cola:25

2018-02-20/17:27:50.005 [INFO ] Pacientes en cola: 23

2018-02-20/17:27:50.114 [INFO ] Pacientes en cola: 23

2018-02-20/17:27:50.221 [INFO ] Pacientes en cola: 23

2018-02-20/17:27:50.299 [INFO ] Ingreso Paciente Urgencia ALta

2018-02-20/17:27:50.300 [DEBUG] Urgencia Alta - tiempo de vida: 30

2018-02-20/17:27:50.300 [INFO ] Paciente en Cola:26

2018-02-20/17:27:50.329 [INFO ] Pacientes en cola: 23

2018-02-20/17:27:50.342 [INFO ] 	Doctor 0	Atiende Paciente

2018-02-20/17:27:50.437 [INFO ] Pacientes en cola: 23

2018-02-20/17:27:50.465 [INFO ] Ingreso Paciente Urgencia ALta

2018-02-20/17:27:50.466 [DEBUG] Urgencia Alta - tiempo de vida: 32

2018-02-20/17:27:50.466 [INFO ] Paciente en Cola:26

2018-02-20/17:27:50.507 [INFO ] Ingreso Paciente Urgencia Baja

2018-02-20/17:27:50.507 [DEBUG] Urgencia Baja - tiempo de vida: 2147483647

2018-02-20/17:27:50.507 [INFO ] Paciente en Cola:27

2018-02-20/17:27:50.544 [INFO ] Pacientes en cola: 23

2018-02-20/17:27:50.588 [INFO ] Ingreso Paciente Urgencia ALta

2018-02-20/17:27:50.588 [DEBUG] Urgencia Alta - tiempo de vida: 42

2018-02-20/17:27:50.588 [INFO ] Paciente en Cola:28

2018-02-20/17:27:50.649 [INFO ] Pacientes en cola: 23

2018-02-20/17:27:50.689 [INFO ] 	Doctor 1	Atiende Paciente

2018-02-20/17:27:50.761 [INFO ] Pacientes en cola: 23

2018-02-20/17:27:50.795 [INFO ] Ingreso Paciente Urgencia ALta

2018-02-20/17:27:50.796 [DEBUG] Urgencia Alta - tiempo de vida: 37

2018-02-20/17:27:50.796 [INFO ] Paciente en Cola:28

2018-02-20/17:27:50.868 [INFO ] Pacientes en cola: 23

2018-02-20/17:27:50.911 [INFO ] 	Doctor 3	Atiende Paciente

2018-02-20/17:27:50.912 [INFO ] 	Doctor 4	Atiende Paciente

2018-02-20/17:27:50.963 [INFO ] Ingreso Paciente Urgencia ALta

2018-02-20/17:27:50.964 [DEBUG] Urgencia Alta - tiempo de vida: 39

2018-02-20/17:27:50.964 [INFO ] Paciente en Cola:27

2018-02-20/17:27:50.992 [INFO ] Pacientes en cola: 23

2018-02-20/17:27:51.077 [INFO ] Doctor 3 espera Pacientes

2018-02-20/17:27:51.078 [INFO ] Doctor 4 espera Pacientes

2018-02-20/17:27:51.085 [INFO ] Termino aplicacion

2018-02-20/17:27:51.085 [INFO ] Periodo 07:00 - 07:40

2018-02-20/17:27:51.085 [INFO ] Periodo 07:40 - 10:22

2018-02-20/17:27:51.085 [INFO ] Periodo 10:23 - 14:42

2018-02-20/17:27:51.086 [INFO ] Periodo 14:43 - 18:00

2018-02-20/17:27:51.086 [INFO ] Numero total de pacientes: 40

2018-02-20/17:27:51.086 [INFO ] Numero pacientes Urgencia Alta: 39

2018-02-20/17:27:51.086 [INFO ] Numero pacientes Urgencia Media: 11

2018-02-20/17:27:51.087 [INFO ] Numero pacientes Urgencia Baja: 17

2018-02-20/17:27:51.087 [INFO ] Espera Promedio: 23.5

2018-02-20/17:27:51.088 [INFO ] Cantidad total de pacientes: 40

2018-02-20/17:27:51.088 [INFO ] -------------------

2018-02-20/17:27:51.088 [INFO ] Fin de Simulacion

2018-02-20/17:27:51.095 [INFO ] Doctor 1 espera Pacientes

2018-02-20/17:27:51.095 [INFO ] Doctor 2 espera Pacientes

2018-02-20/17:27:51.100 [INFO ] Pacientes en cola: 0

2018-02-20/17:27:51.114 [INFO ] Doctor 0 espera Pacientes

2018-02-20/17:27:52.078 [TRACE] Explota Doctorjava.lang.InterruptedException

2018-02-20/17:27:52.079 [INFO ] Doctor 1 termino atención.

2018-02-20/17:27:52.079 [TRACE] Explota Doctorjava.lang.InterruptedException

2018-02-20/17:27:52.079 [INFO ] Doctor 3 termino atención.

2018-02-20/17:27:52.078 [TRACE] Explota Doctorjava.lang.InterruptedException

2018-02-20/17:27:52.080 [INFO ] Doctor 4 termino atención.

2018-02-20/17:27:52.079 [TRACE] Explota Doctorjava.lang.InterruptedException

2018-02-20/17:27:52.082 [INFO ] Doctor 2 termino atención.

2018-02-20/17:27:52.079 [TRACE] Explota Doctorjava.lang.InterruptedException

2018-02-20/17:27:52.084 [INFO ] Doctor 0 termino atención.

2018-02-20/17:27:52.101 [INFO ] DoInBackGround Terminado

2018-02-20/18:03:55.476 [INFO ] Carga Archivo de Urgencias Cantidad de periodos: 4

2018-02-20/18:03:55.481 [INFO ] Comienza Simulación

2018-02-20/18:03:55.481 [INFO ] T inicio: 360

2018-02-20/18:03:55.482 [INFO ] T fin   : 1080

2018-02-20/18:03:55.482 [INFO ] Ejecuta los Doctores: 5

2018-02-20/18:03:55.493 [INFO ] Fin Pintor

2018-02-20/18:03:55.494 [INFO ] Inicio Pintor

2018-02-20/18:03:55.503 [INFO ] Doctor 0 espera Pacientes

2018-02-20/18:03:55.528 [INFO ] Doctor 1 espera Pacientes

2018-02-20/18:03:55.555 [INFO ] Doctor 2 espera Pacientes

2018-02-20/18:03:55.564 [INFO ] Doctor 3 espera Pacientes

2018-02-20/18:03:55.585 [INFO ] Doctor 4 espera Pacientes

2018-02-20/18:03:55.629 [INFO ] Ingreso Paciente Urgencia ALta

2018-02-20/18:03:55.631 [DEBUG] Urgencia Alta - tiempo de vida: 36

2018-02-20/18:03:55.632 [INFO ] Paciente en Cola:1

2018-02-20/18:03:55.632 [INFO ] 	Doctor 4	Atiende Paciente

2018-02-20/18:03:55.632 [INFO ] Doctor 3 espera Pacientes

2018-02-20/18:03:55.639 [INFO ] Doctor 2 espera Pacientes

2018-02-20/18:03:55.640 [INFO ] Doctor 1 espera Pacientes

2018-02-20/18:03:55.641 [INFO ] Doctor 0 espera Pacientes

2018-02-20/18:03:55.661 [INFO ] Pacientes en cola: 0

2018-02-20/18:03:55.832 [INFO ] Pacientes en cola: 0

2018-02-20/18:03:55.969 [INFO ] Ingreso Paciente Urgencia ALta

2018-02-20/18:03:55.970 [DEBUG] Urgencia Alta - tiempo de vida: 38

2018-02-20/18:03:55.970 [INFO ] Paciente en Cola:1

2018-02-20/18:03:55.971 [INFO ] Doctor 1 espera Pacientes

2018-02-20/18:03:55.970 [INFO ] 	Doctor 0	Atiende Paciente

2018-02-20/18:03:55.977 [INFO ] Doctor 2 espera Pacientes

2018-02-20/18:03:55.978 [INFO ] Doctor 3 espera Pacientes

2018-02-20/18:03:55.985 [INFO ] Pacientes en cola: 0

2018-02-20/18:03:56.052 [INFO ] Ingreso Paciente Urgencia ALta

2018-02-20/18:03:56.052 [DEBUG] Urgencia Alta - tiempo de vida: 38

2018-02-20/18:03:56.053 [INFO ] Paciente en Cola:1

2018-02-20/18:03:56.053 [INFO ] 	Doctor 3	Atiende Paciente

2018-02-20/18:03:56.053 [INFO ] Doctor 2 espera Pacientes

2018-02-20/18:03:56.053 [INFO ] Doctor 1 espera Pacientes

2018-02-20/18:03:56.126 [INFO ] Pacientes en cola: 0

2018-02-20/18:03:56.250 [INFO ] Pacientes en cola: 0

2018-02-20/18:03:56.337 [INFO ] Ingreso Paciente Urgencia ALta

2018-02-20/18:03:56.337 [DEBUG] Urgencia Alta - tiempo de vida: 34

2018-02-20/18:03:56.337 [INFO ] Paciente en Cola:1

2018-02-20/18:03:56.339 [INFO ] 	Doctor 1	Atiende Paciente

2018-02-20/18:03:56.341 [INFO ] Doctor 2 espera Pacientes

2018-02-20/18:03:56.389 [INFO ] Pacientes en cola: 0

2018-02-20/18:03:56.500 [INFO ] Ingreso Paciente Urgencia ALta

2018-02-20/18:03:56.501 [DEBUG] Urgencia Alta - tiempo de vida: 41

2018-02-20/18:03:56.501 [INFO ] Paciente en Cola:1

2018-02-20/18:03:56.502 [INFO ] 	Doctor 2	Atiende Paciente

2018-02-20/18:03:56.526 [INFO ] Pacientes en cola: 0

2018-02-20/18:03:56.661 [INFO ] Pacientes en cola: 0

2018-02-20/18:03:56.745 [INFO ] Ingreso Paciente Urgencia ALta

2018-02-20/18:03:56.746 [DEBUG] Urgencia Alta - tiempo de vida: 43

2018-02-20/18:03:56.746 [INFO ] Paciente en Cola:1

2018-02-20/18:03:56.786 [INFO ] Pacientes en cola: 1

2018-02-20/18:03:56.917 [INFO ] Pacientes en cola: 1

2018-02-20/18:03:57.041 [INFO ] Pacientes en cola: 1

2018-02-20/18:03:57.083 [INFO ] 	Doctor 0	Atiende Paciente

2018-02-20/18:03:57.160 [INFO ] Pacientes en cola: 0

2018-02-20/18:03:57.192 [INFO ] Doctor 3 espera Pacientes

2018-02-20/18:03:57.272 [INFO ] Pacientes en cola: 0

2018-02-20/18:03:57.406 [INFO ] Pacientes en cola: 0

2018-02-20/18:03:57.490 [INFO ] Ingreso Paciente Urgencia ALta

2018-02-20/18:03:57.491 [DEBUG] Urgencia Alta - tiempo de vida: 34

2018-02-20/18:03:57.491 [INFO ] Paciente en Cola:1

2018-02-20/18:03:57.492 [INFO ] 	Doctor 3	Atiende Paciente

2018-02-20/18:03:57.534 [INFO ] Pacientes en cola: 0

2018-02-20/18:03:57.575 [INFO ] Doctor 1 espera Pacientes

2018-02-20/18:03:57.674 [INFO ] Pacientes en cola: 0

2018-02-20/18:03:57.825 [INFO ] Doctor 3 espera Pacientes

2018-02-20/18:03:57.826 [INFO ] Doctor 0 espera Pacientes

2018-02-20/18:03:57.826 [INFO ] Termino aplicacion

2018-02-20/18:03:57.826 [INFO ] Periodo 07:00 - 07:40

2018-02-20/18:03:57.826 [INFO ] Periodo 07:40 - 10:22

2018-02-20/18:03:57.827 [INFO ] Periodo 10:23 - 14:42

2018-02-20/18:03:57.827 [INFO ] Periodo 14:43 - 18:00

2018-02-20/18:03:57.827 [INFO ] Numero total de pacientes: 7

2018-02-20/18:03:57.828 [INFO ] Numero pacientes Urgencia Alta: 7

2018-02-20/18:03:57.828 [INFO ] Numero pacientes Urgencia Media: 0

2018-02-20/18:03:57.828 [INFO ] Numero pacientes Urgencia Baja: 0

2018-02-20/18:03:57.829 [INFO ] Espera Promedio: 2.142857142857143

2018-02-20/18:03:57.829 [INFO ] Cantidad total de pacientes: 7

2018-02-20/18:03:57.829 [INFO ] Doctor 2 espera Pacientes

2018-02-20/18:03:57.832 [INFO ] Doctor 4 espera Pacientes

2018-02-20/18:03:57.833 [INFO ] -------------------

2018-02-20/18:03:57.833 [INFO ] Fin de Simulacion

2018-02-20/18:03:57.869 [INFO ] Pacientes en cola: 0

2018-02-20/18:03:58.795 [TRACE] Explota Doctorjava.lang.InterruptedException

2018-02-20/18:03:58.796 [INFO ] Doctor 0 termino atención.

2018-02-20/18:03:58.796 [TRACE] Explota Doctorjava.lang.InterruptedException

2018-02-20/18:03:58.796 [INFO ] Doctor 1 termino atención.

2018-02-20/18:03:58.797 [TRACE] Explota Doctorjava.lang.InterruptedException

2018-02-20/18:03:58.797 [INFO ] Doctor 3 termino atención.

2018-02-20/18:03:58.798 [TRACE] Explota Doctorjava.lang.InterruptedException

2018-02-20/18:03:58.798 [INFO ] Doctor 2 termino atención.

2018-02-20/18:03:58.799 [TRACE] Explota Doctorjava.lang.InterruptedException

2018-02-20/18:03:58.799 [INFO ] Doctor 4 termino atención.

2018-02-20/18:03:58.817 [INFO ] DoInBackGround Terminado

2018-02-20/18:13:51.534 [INFO ] Fin Pintor

2018-02-20/18:13:51.539 [INFO ] Inicio Pintor

2018-02-20/18:13:51.572 [INFO ] Carga Archivo de Urgencias Cantidad de periodos: 4

2018-02-20/18:13:51.573 [INFO ] Comienza Simulación

2018-02-20/18:13:51.576 [INFO ] T inicio: 360

2018-02-20/18:13:51.580 [INFO ] T fin   : 1080

2018-02-20/18:13:51.580 [INFO ] Ejecuta los Doctores: 5

2018-02-20/18:13:51.594 [INFO ] Doctor 0 espera Pacientes

2018-02-20/18:13:51.595 [INFO ] Doctor 1 espera Pacientes

2018-02-20/18:13:51.622 [INFO ] Doctor 2 espera Pacientes

2018-02-20/18:13:51.622 [INFO ] Doctor 4 espera Pacientes

2018-02-20/18:13:51.624 [INFO ] Doctor 3 espera Pacientes

2018-02-20/18:13:51.702 [INFO ] Ingreso Paciente Urgencia ALta

2018-02-20/18:13:51.706 [DEBUG] Urgencia Alta - tiempo de vida: 37

2018-02-20/18:13:51.707 [INFO ] Doctor 4 espera Pacientes

2018-02-20/18:13:51.708 [INFO ] Paciente en Cola:0

2018-02-20/18:13:51.708 [INFO ] 	Doctor 3	Atiende Paciente

2018-02-20/18:13:51.708 [INFO ] Doctor 2 espera Pacientes

2018-02-20/18:13:51.711 [INFO ] Doctor 1 espera Pacientes

2018-02-20/18:13:51.712 [INFO ] Doctor 0 espera Pacientes

2018-02-20/18:13:51.713 [INFO ] Pacientes en cola: 0

2018-02-20/18:13:51.831 [INFO ] Ingreso Paciente Urgencia ALta

2018-02-20/18:13:51.831 [DEBUG] Urgencia Alta - tiempo de vida: 32

2018-02-20/18:13:51.832 [INFO ] Paciente en Cola:1

2018-02-20/18:13:51.833 [INFO ] Doctor 1 espera Pacientes

2018-02-20/18:13:51.833 [INFO ] Doctor 2 espera Pacientes

2018-02-20/18:13:51.832 [INFO ] 	Doctor 0	Atiende Paciente

2018-02-20/18:13:51.833 [INFO ] Doctor 4 espera Pacientes

2018-02-20/18:13:51.865 [INFO ] Pacientes en cola: 0

2018-02-20/18:13:52.013 [INFO ] Pacientes en cola: 0

2018-02-20/18:13:52.135 [INFO ] Pacientes en cola: 0

2018-02-20/18:13:52.207 [INFO ] Ingreso Paciente Urgencia ALta

2018-02-20/18:13:52.209 [DEBUG] Urgencia Alta - tiempo de vida: 44

2018-02-20/18:13:52.209 [INFO ] Paciente en Cola:1

2018-02-20/18:13:52.209 [INFO ] Doctor 2 espera Pacientes

2018-02-20/18:13:52.209 [INFO ] 	Doctor 4	Atiende Paciente

2018-02-20/18:13:52.210 [INFO ] Doctor 1 espera Pacientes

2018-02-20/18:13:52.289 [INFO ] Pacientes en cola: 0

2018-02-20/18:13:52.333 [INFO ] Ingreso Paciente Urgencia ALta

2018-02-20/18:13:52.333 [DEBUG] Urgencia Alta - tiempo de vida: 43

2018-02-20/18:13:52.334 [INFO ] Paciente en Cola:1

2018-02-20/18:13:52.334 [INFO ] 	Doctor 1	Atiende Paciente

2018-02-20/18:13:52.334 [INFO ] Doctor 2 espera Pacientes

2018-02-20/18:13:52.415 [INFO ] Pacientes en cola: 0

2018-02-20/18:13:52.536 [INFO ] Ingreso Paciente Urgencia ALta

2018-02-20/18:13:52.537 [DEBUG] Urgencia Alta - tiempo de vida: 32

2018-02-20/18:13:52.537 [INFO ] Paciente en Cola:1

2018-02-20/18:13:52.537 [INFO ] 	Doctor 2	Atiende Paciente

2018-02-20/18:13:52.552 [INFO ] Pacientes en cola: 0

2018-02-20/18:13:52.663 [INFO ] Pacientes en cola: 0

2018-02-20/18:13:52.783 [INFO ] Pacientes en cola: 0

2018-02-20/18:13:52.901 [INFO ] Pacientes en cola: 0

2018-02-20/18:13:52.912 [INFO ] Ingreso Paciente Urgencia ALta

2018-02-20/18:13:52.913 [DEBUG] Urgencia Alta - tiempo de vida: 34

2018-02-20/18:13:52.913 [INFO ] Paciente en Cola:1

2018-02-20/18:13:53.038 [INFO ] Pacientes en cola: 1

2018-02-20/18:13:53.080 [INFO ] Ingreso Paciente Urgencia Baja

2018-02-20/18:13:53.081 [DEBUG] Urgencia Baja - tiempo de vida: 2147483647

2018-02-20/18:13:53.081 [INFO ] Paciente en Cola:2

2018-02-20/18:13:53.097 [INFO ] 	Doctor 4	Atiende Paciente

2018-02-20/18:13:53.166 [INFO ] Pacientes en cola: 1
